2019-05-26 00:53:53 INFO  Base:12 - Begin Test StartWebDriver
2019-05-26 00:53:56 INFO  Base:17 - Step1 verifyLoginPageExists
2019-05-26 00:53:59 INFO  Base:22 - Step2 enterWrongLogin
2019-05-26 00:54:02 INFO  Base:27 - Step3 verifyLoginResult
2019-05-26 00:54:02 INFO  Base:18 - End of Test
2019-05-26 00:54:04 INFO  Base:12 - Begin Test StartWebDriver
2019-05-26 00:54:05 INFO  Base:14 - Step4.1 verifyLoginPageExists4
2019-05-26 00:54:08 INFO  Base:19 - Step4.2 enterCorrectLogin
2019-05-26 00:54:10 INFO  Base:24 - Step4.3 verifyLoginResult4
2019-05-26 00:54:15 INFO  Base:18 - End of Test
2019-05-26 00:54:15 INFO  Base:12 - Begin Test StartWebDriver
2019-05-26 00:54:17 INFO  Base:14 - Step4.1 verifyLoginPageExists456
2019-05-26 00:54:21 INFO  Base:19 - Step4.2 enterCorrectLogin456
2019-05-26 00:54:22 INFO  Base:33 - Step5 gotoWireless
2019-05-26 00:54:27 INFO  Base:18 - End of Test
2019-05-26 00:54:28 INFO  Base:12 - Begin Test StartWebDriver
2019-05-26 00:54:30 INFO  Base:17 - Step7 smartphonesPageExists
2019-05-26 00:54:34 INFO  Base:22 - Step7.2 selectGalaxy10SPlus
2019-05-26 00:54:48 INFO  Base:28 - Step8 pickColor
2019-05-26 00:54:48 INFO  Base:34 - Step9 addToCart
2019-05-26 00:54:49 INFO  Base:39 - Step9 VerifyResult789
2019-05-26 00:54:49 INFO  Base:18 - End of Test
